0 info it worked if it ends with ok
1 verbose cli [ 'node', '/home/nicolas/.nvm/v0.10.40/bin/npm', 'start' ]
2 info using npm@3.3.9
3 info using node@v0.10.40
4 verbose run-script [ 'prestart', 'start', 'poststart' ]
5 info lifecycle testapp@0.0.0~prestart: testapp@0.0.0
6 silly lifecycle testapp@0.0.0~prestart: no script for prestart, continuing
7 info lifecycle testapp@0.0.0~start: testapp@0.0.0
8 verbose lifecycle testapp@0.0.0~start: unsafe-perm in lifecycle true
9 verbose lifecycle testapp@0.0.0~start: PATH: /home/nicolas/.nvm/v0.10.40/lib/node_modules/npm/bin/node-gyp-bin:/home/nicolas/Documents/mission2/missionV1/node_modules/.bin:/home/nicolas/.nvm/v0.10.40/bin:/usr/local/heroku/bin:/home/nicolas/bin:/usr/local/sbin:/usr/local/bin:/usr/sbin:/usr/bin:/sbin:/bin:/usr/games:/usr/local/games:/home/nicolas/android-sdk-linux/tools:/home/nicolas/android-sdk-linux/platform-tools:/usr/local/android-sdk-linux/tools:/usr/local/android-sdk-linux/platform-tools:/home/nicolas/android-sdk-linux/tools:/home/nicolas/android-sdk-linux/platform-tools
10 verbose lifecycle testapp@0.0.0~start: CWD: /home/nicolas/Documents/mission2/missionV1
11 silly lifecycle testapp@0.0.0~start: Args: [ '-c', 'node ./bin/www' ]
12 silly lifecycle testapp@0.0.0~start: Returned: code: 8  signal: null
13 info lifecycle testapp@0.0.0~start: Failed to exec start script
14 verbose stack Error: testapp@0.0.0 start: `node ./bin/www`
14 verbose stack Exit status 8
14 verbose stack     at EventEmitter.<anonymous> (/home/nicolas/.nvm/v0.10.40/lib/node_modules/npm/lib/utils/lifecycle.js:233:16)
14 verbose stack     at EventEmitter.emit (events.js:98:17)
14 verbose stack     at ChildProcess.<anonymous> (/home/nicolas/.nvm/v0.10.40/lib/node_modules/npm/lib/utils/spawn.js:24:14)
14 verbose stack     at ChildProcess.emit (events.js:98:17)
14 verbose stack     at maybeClose (child_process.js:766:16)
14 verbose stack     at Process.ChildProcess._handle.onexit (child_process.js:833:5)
15 verbose pkgid testapp@0.0.0
16 verbose cwd /home/nicolas/Documents/mission2/missionV1
17 error Linux 3.13.0-39-generic
18 error argv "node" "/home/nicolas/.nvm/v0.10.40/bin/npm" "start"
19 error node v0.10.40
20 error npm  v3.3.9
21 error code ELIFECYCLE
22 error testapp@0.0.0 start: `node ./bin/www`
22 error Exit status 8
23 error Failed at the testapp@0.0.0 start script 'node ./bin/www'.
23 error This is most likely a problem with the testapp package,
23 error not with npm itself.
23 error Tell the author that this fails on your system:
23 error     node ./bin/www
23 error You can get their info via:
23 error     npm owner ls testapp
23 error There is likely additional logging output above.
24 verbose exit [ 1, true ]
